[ 2025-06-10 11:54:24,965 ] 1025 httpx - INFO - HTTP Request: GET https://dagshub.com/api/v1/user "HTTP/1.1 200 OK"
[ 2025-06-10 11:54:24,975 ] 107 dagshub - INFO - Accessing as ananya04adarsh
[ 2025-06-10 11:54:25,342 ] 1025 httpx - INFO - HTTP Request: GET https://dagshub.com/api/v1/repos/ananya04adarsh/Network_Security "HTTP/1.1 200 OK"
[ 2025-06-10 11:54:25,684 ] 1025 httpx - INFO - HTTP Request: GET https://dagshub.com/api/v1/user "HTTP/1.1 200 OK"
[ 2025-06-10 11:54:25,689 ] 107 dagshub - INFO - Initialized MLflow to track repo "ananya04adarsh/Network_Security"
[ 2025-06-10 11:54:25,689 ] 107 dagshub - INFO - Repository ananya04adarsh/Network_Security initialized!
[ 2025-06-10 11:54:25,689 ] 20 root - INFO - Initiate the data ingestion
[ 2025-06-10 11:54:27,493 ] 60 root - INFO - Performed train test split on the dataframe
[ 2025-06-10 11:54:27,493 ] 62 root - INFO - Exited split_data_as_train_test method of Data_Ingestion class
[ 2025-06-10 11:54:27,493 ] 70 root - INFO - Exporting train and test file path.
[ 2025-06-10 11:54:27,600 ] 79 root - INFO - Exported train and test file path.
[ 2025-06-10 11:54:27,600 ] 22 root - INFO - Data Initiation Completed
[ 2025-06-10 11:54:27,615 ] 26 root - INFO - Initiate the data Validation
[ 2025-06-10 11:54:27,698 ] 32 root - INFO - Required number of columns:2
[ 2025-06-10 11:54:27,698 ] 33 root - INFO - Data frame has columns:31
[ 2025-06-10 11:54:27,698 ] 32 root - INFO - Required number of columns:2
[ 2025-06-10 11:54:27,698 ] 33 root - INFO - Data frame has columns:31
[ 2025-06-10 11:54:27,993 ] 28 root - INFO - data Validation Completed
[ 2025-06-10 11:54:27,994 ] 31 root - INFO - data Transformation started
[ 2025-06-10 11:54:27,994 ] 63 root - INFO - Entered initiate_data_transformation method of DataTransformation class
[ 2025-06-10 11:54:27,995 ] 65 root - INFO - Starting data transformation
[ 2025-06-10 11:54:28,033 ] 48 root - INFO - Entered get_data_trnasformer_object method of Trnasformation class
[ 2025-06-10 11:54:28,033 ] 53 root - INFO - Initialise KNNImputer with {'missing_values': nan, 'n_neighbors': 3, 'weights': 'uniform'}
[ 2025-06-10 11:54:28,063 ] 46 root - INFO - Entered the save_object method of MainUtils class
[ 2025-06-10 11:54:28,064 ] 50 root - INFO - Exited the save_object method of MainUtils class
[ 2025-06-10 11:54:28,064 ] 46 root - INFO - Entered the save_object method of MainUtils class
[ 2025-06-10 11:54:28,064 ] 50 root - INFO - Exited the save_object method of MainUtils class
[ 2025-06-10 11:54:28,064 ] 35 root - INFO - data Transformation completed
[ 2025-06-10 11:54:28,064 ] 37 root - INFO - Model Training sstared
[ 2025-06-10 12:01:39,444 ] 46 root - INFO - Entered the save_object method of MainUtils class
[ 2025-06-10 12:01:39,446 ] 50 root - INFO - Exited the save_object method of MainUtils class
[ 2025-06-10 12:01:39,446 ] 46 root - INFO - Entered the save_object method of MainUtils class
[ 2025-06-10 12:01:39,448 ] 50 root - INFO - Exited the save_object method of MainUtils class
[ 2025-06-10 12:01:39,448 ] 145 root - INFO - Model trainer artifact: ModelTrainerArtifact(trained_model_file_path='Artifacts\\06_10_2025_11_54_16\\model_trainer\\trained_model\\model.pkl', train_metric_artifact=ClassificationMetricArtifact(f1_score=0.9912165572942958, precision_score=0.9879251358422217, recall_score=0.9945299837925445), test_metric_artifact=ClassificationMetricArtifact(f1_score=0.9768198454656364, precision_score=0.970113085621971, recall_score=0.9836199836199836))
[ 2025-06-10 12:01:39,448 ] 42 root - INFO - Model Training artifact created
