[ 2025-06-10 12:15:14,769 ] 1025 httpx - INFO - HTTP Request: GET https://dagshub.com/api/v1/user "HTTP/1.1 200 OK"
[ 2025-06-10 12:15:14,823 ] 107 dagshub - INFO - Accessing as ananya04adarsh
[ 2025-06-10 12:15:15,225 ] 1025 httpx - INFO - HTTP Request: GET https://dagshub.com/api/v1/repos/ananya04adarsh/Network_Security "HTTP/1.1 200 OK"
[ 2025-06-10 12:15:15,589 ] 1025 httpx - INFO - HTTP Request: GET https://dagshub.com/api/v1/user "HTTP/1.1 200 OK"
[ 2025-06-10 12:15:15,614 ] 107 dagshub - INFO - Initialized MLflow to track repo "ananya04adarsh/Network_Security"
[ 2025-06-10 12:15:15,618 ] 107 dagshub - INFO - Repository ananya04adarsh/Network_Security initialized!
[ 2025-06-10 12:16:28,123 ] 42 root - INFO - Start data Ingestion
[ 2025-06-10 12:16:31,215 ] 60 root - INFO - Performed train test split on the dataframe
[ 2025-06-10 12:16:31,215 ] 62 root - INFO - Exited split_data_as_train_test method of Data_Ingestion class
[ 2025-06-10 12:16:31,215 ] 70 root - INFO - Exporting train and test file path.
[ 2025-06-10 12:16:31,394 ] 79 root - INFO - Exported train and test file path.
[ 2025-06-10 12:16:31,394 ] 45 root - INFO - Data Ingestion completed and artifact: DataIngestionArtifact(trained_file_path='Artifacts\\06_10_2025_12_15_09\\data_ingestion\\ingested\\train.csv', test_file_path='Artifacts\\06_10_2025_12_15_09\\data_ingestion\\ingested\\test.csv')
[ 2025-06-10 12:16:31,430 ] 55 root - INFO - Initiate the data Validation
[ 2025-06-10 12:16:31,666 ] 32 root - INFO - Required number of columns:2
[ 2025-06-10 12:16:31,666 ] 33 root - INFO - Data frame has columns:31
[ 2025-06-10 12:16:31,666 ] 32 root - INFO - Required number of columns:2
[ 2025-06-10 12:16:31,666 ] 33 root - INFO - Data frame has columns:31
[ 2025-06-10 12:16:32,197 ] 63 root - INFO - Entered initiate_data_transformation method of DataTransformation class
[ 2025-06-10 12:16:32,197 ] 65 root - INFO - Starting data transformation
[ 2025-06-10 12:16:32,278 ] 48 root - INFO - Entered get_data_trnasformer_object method of Trnasformation class
[ 2025-06-10 12:16:32,278 ] 53 root - INFO - Initialise KNNImputer with {'missing_values': nan, 'n_neighbors': 3, 'weights': 'uniform'}
[ 2025-06-10 12:16:32,327 ] 46 root - INFO - Entered the save_object method of MainUtils class
[ 2025-06-10 12:16:32,345 ] 50 root - INFO - Exited the save_object method of MainUtils class
[ 2025-06-10 12:16:32,348 ] 46 root - INFO - Entered the save_object method of MainUtils class
[ 2025-06-10 12:16:32,348 ] 50 root - INFO - Exited the save_object method of MainUtils class
[ 2025-06-10 13:01:16,488 ] 46 root - INFO - Entered the save_object method of MainUtils class
[ 2025-06-10 13:01:16,488 ] 50 root - INFO - Exited the save_object method of MainUtils class
[ 2025-06-10 13:01:16,489 ] 46 root - INFO - Entered the save_object method of MainUtils class
[ 2025-06-10 13:01:16,493 ] 50 root - INFO - Exited the save_object method of MainUtils class
[ 2025-06-10 13:01:16,493 ] 135 root - INFO - Model trainer artifact: ModelTrainerArtifact(trained_model_file_path='Artifacts\\06_10_2025_12_15_09\\model_trainer\\trained_model\\model.pkl', train_metric_artifact=ClassificationMetricArtifact(f1_score=0.9905727318803852, precision_score=0.9874696847210994, recall_score=0.9936953426886312), test_metric_artifact=ClassificationMetricArtifact(f1_score=0.9795098433105665, precision_score=0.9759807846277022, recall_score=0.9830645161290322))
