[ 2025-06-10 11:45:06,160 ] 1025 httpx - INFO - HTTP Request: POST https://dagshub.com/login/oauth/middleman "HTTP/1.1 200 OK"
[ 2025-06-10 11:45:06,533 ] 1025 httpx - INFO - HTTP Request: POST https://dagshub.com/login/oauth/access_token "HTTP/1.1 200 OK"
[ 2025-06-10 11:45:06,865 ] 1025 httpx - INFO - HTTP Request: GET https://dagshub.com/api/v1/user "HTTP/1.1 200 OK"
[ 2025-06-10 11:45:06,882 ] 107 dagshub - INFO - Accessing as ananya04adarsh
[ 2025-06-10 11:45:07,630 ] 1025 httpx - INFO - HTTP Request: GET https://dagshub.com/api/v1/repos/ananya04adarsh/Network_Security "HTTP/1.1 200 OK"
[ 2025-06-10 11:45:07,980 ] 1025 httpx - INFO - HTTP Request: GET https://dagshub.com/api/v1/user "HTTP/1.1 200 OK"
[ 2025-06-10 11:45:07,980 ] 107 dagshub - INFO - Initialized MLflow to track repo "ananya04adarsh/Network_Security"
[ 2025-06-10 11:45:07,980 ] 107 dagshub - INFO - Repository ananya04adarsh/Network_Security initialized!
[ 2025-06-10 11:45:07,980 ] 20 root - INFO - Initiate the data ingestion
[ 2025-06-10 11:45:09,598 ] 60 root - INFO - Performed train test split on the dataframe
[ 2025-06-10 11:45:09,598 ] 62 root - INFO - Exited split_data_as_train_test method of Data_Ingestion class
[ 2025-06-10 11:45:09,598 ] 70 root - INFO - Exporting train and test file path.
[ 2025-06-10 11:45:09,679 ] 79 root - INFO - Exported train and test file path.
[ 2025-06-10 11:45:09,679 ] 22 root - INFO - Data Initiation Completed
[ 2025-06-10 11:45:09,682 ] 26 root - INFO - Initiate the data Validation
[ 2025-06-10 11:45:09,759 ] 32 root - INFO - Required number of columns:2
[ 2025-06-10 11:45:09,759 ] 33 root - INFO - Data frame has columns:31
[ 2025-06-10 11:45:09,759 ] 32 root - INFO - Required number of columns:2
[ 2025-06-10 11:45:09,759 ] 33 root - INFO - Data frame has columns:31
[ 2025-06-10 11:45:09,927 ] 28 root - INFO - data Validation Completed
[ 2025-06-10 11:45:09,927 ] 31 root - INFO - data Transformation started
[ 2025-06-10 11:45:09,927 ] 63 root - INFO - Entered initiate_data_transformation method of DataTransformation class
[ 2025-06-10 11:45:09,927 ] 65 root - INFO - Starting data transformation
[ 2025-06-10 11:45:09,949 ] 48 root - INFO - Entered get_data_trnasformer_object method of Trnasformation class
[ 2025-06-10 11:45:09,949 ] 53 root - INFO - Initialise KNNImputer with {'missing_values': nan, 'n_neighbors': 3, 'weights': 'uniform'}
[ 2025-06-10 11:45:09,964 ] 46 root - INFO - Entered the save_object method of MainUtils class
[ 2025-06-10 11:45:09,964 ] 50 root - INFO - Exited the save_object method of MainUtils class
[ 2025-06-10 11:45:09,964 ] 46 root - INFO - Entered the save_object method of MainUtils class
[ 2025-06-10 11:45:09,964 ] 50 root - INFO - Exited the save_object method of MainUtils class
[ 2025-06-10 11:45:09,964 ] 35 root - INFO - data Transformation completed
[ 2025-06-10 11:45:09,964 ] 37 root - INFO - Model Training sstared
